{
  "RSpec": {
    "coverage": {
      "/var/www/html/bookstore/bookstore-backend/spec/services/jwt_service_spec.rb": [
        1,
        null,
        1,
        3,
        null,
        2,
        3,
        null,
        1,
        2,
        null,
        null,
        1,
        2,
        null,
        null
      ],
      "/var/www/html/bookstore/bookstore-backend/spec/rails_helper.rb": [
        null,
        null,
        1,
        1,
        1,
        null,
        1,
        1,
        null,
        4,
        null,
        1,
        null,
        1,
        1,
        1,
        1,
        null,
        null,
        null,
        1,
        1,
        1,
        1,
        null,
        1,
        1,
        1,
        null,
        null,
        1,
        2,
        2,
        null,
        null,
        null,
        1,
        null
      ],
      "/var/www/html/bookstore/bookstore-backend/config/environment.rb": [
        null,
        1,
        null,
        null,
        1
      ],
      "/var/www/html/bookstore/bookstore-backend/config/application.rb": [
        1,
        null,
        1,
        null,
        1,
        1,
        1,
        1,
        1,
        null,
        1,
        null,
        null,
        null,
        null,
        null,
        null,
        1,
        null,
        1,
        1,
        null,
        1,
        null,
        null,
        null,
        null,
        null,
        null,
        null,
        null,
        null,
        1,
        null,
        null
      ],
      "/var/www/html/bookstore/bookstore-backend/config/boot.rb": [
        1,
        null,
        1,
        1
      ],
      "/var/www/html/bookstore/bookstore-backend/config/environments/test.rb": [
        1,
        null,
        null,
        null,
        null,
        null,
        null,
        1,
        null,
        null,
        null,
        null,
        1,
        null,
        null,
        1,
        1,
        null,
        null,
        null,
        null,
        1,
        1,
        null,
        null,
        1,
        null,
        null,
        1,
        null,
        null,
        1,
        null,
        null,
        1,
        null,
        null,
        null,
        null
      ],
      "/var/www/html/bookstore/bookstore-backend/config/initializers/application_controller_renderer.rb": [
        null,
        null,
        null,
        null,
        null,
        null,
        null,
        null
      ],
      "/var/www/html/bookstore/bookstore-backend/config/initializers/backtrace_silencers.rb": [
        null,
        null,
        null,
        null,
        null,
        null,
        null
      ],
      "/var/www/html/bookstore/bookstore-backend/config/initializers/cors.rb": [
        null,
        null,
        null,
        null,
        null,
        null,
        null,
        1,
        1,
        2,
        null,
        1,
        null,
        null,
        null,
        null
      ],
      "/var/www/html/bookstore/bookstore-backend/config/initializers/filter_parameter_logging.rb": [
        null,
        null,
        null,
        1
      ],
      "/var/www/html/bookstore/bookstore-backend/config/initializers/inflections.rb": [
        null,
        null,
        null,
        null,
        null,
        null,
        null,
        null,
        null,
        null,
        null,
        null,
        null,
        null,
        null,
        null
      ],
      "/var/www/html/bookstore/bookstore-backend/config/initializers/mime_types.rb": [
        null,
        null,
        null,
        null
      ],
      "/var/www/html/bookstore/bookstore-backend/config/initializers/money.rb": [
        null,
        null,
        1,
        null,
        null,
        null,
        1,
        null,
        null,
        null,
        null,
        null,
        null,
        null,
        null,
        null,
        null,
        null,
        null,
        null,
        null,
        null,
        null,
        null,
        null,
        null,
        null,
        null,
        null,
        null,
        null,
        null,
        null,
        null,
        null,
        null,
        null,
        null,
        null,
        null,
        null,
        null,
        null,
        null,
        null,
        null,
        null,
        null,
        null,
        null,
        null,
        null,
        null,
        null,
        null,
        null,
        null,
        null,
        null,
        null,
        null,
        null,
        null,
        null,
        null,
        null,
        null,
        null,
        null,
        null,
        null,
        null,
        null,
        null,
        null,
        null,
        null,
        null,
        null,
        null,
        null,
        null,
        null,
        null,
        null,
        null,
        null,
        null,
        null,
        null,
        null,
        null
      ],
      "/var/www/html/bookstore/bookstore-backend/config/initializers/wrap_parameters.rb": [
        null,
        null,
        null,
        null,
        null,
        null,
        1,
        1,
        null,
        null,
        null,
        null,
        null,
        null
      ],
      "/var/www/html/bookstore/bookstore-backend/spec/factories/author_factory.rb": [
        null,
        null,
        1,
        1,
        1,
        null,
        null
      ],
      "/var/www/html/bookstore/bookstore-backend/spec/factories/book_factory.rb": [
        null,
        null,
        1,
        1,
        1,
        1,
        1,
        null,
        null
      ],
      "/var/www/html/bookstore/bookstore-backend/spec/factories/user_factory.rb": [
        null,
        null,
        1,
        1,
        1,
        1,
        null,
        1,
        1,
        null,
        null,
        null
      ],
      "/var/www/html/bookstore/bookstore-backend/config/routes.rb": [
        1,
        1,
        1,
        1,
        1,
        null,
        null,
        1,
        null,
        null,
        null
      ],
      "/var/www/html/bookstore/bookstore-backend/spec/support/logged_user_context.rb": [
        null,
        null,
        1,
        0,
        0,
        null,
        null,
        1,
        0,
        0,
        null
      ],
      "/var/www/html/bookstore/bookstore-backend/spec/support/request_spec_helper.rb": [
        null,
        null,
        1,
        null,
        1,
        0,
        null,
        null
      ],
      "/var/www/html/bookstore/bookstore-backend/spec/support/shared_examples/authors_get.rb": [
        1,
        0,
        0,
        null,
        0,
        0,
        0,
        null,
        null,
        0,
        0,
        null,
        null,
        null,
        0,
        0,
        null,
        0,
        0,
        0,
        0,
        null,
        null,
        0,
        0,
        null,
        null,
        null,
        0,
        0,
        null,
        0,
        0,
        null,
        null,
        0,
        0,
        null,
        null,
        null,
        null
      ],
      "/var/www/html/bookstore/bookstore-backend/app/services/jwt_service.rb": [
        1,
        1,
        1,
        null,
        null,
        1,
        1,
        null,
        0,
        null,
        0,
        null,
        null
      ]
    },
    "timestamp": 1528599693
  }
}
